<?xml version="1.0" encoding="UTF-8"?>
<!-- Generated by org.testng.reporters.JUnitReportReporter -->
<testsuite skipped="0" hostname="TL-HEN-ICTS-01" name="com.bank.AppTest" tests="1" failures="0" timestamp="08 Dec 2021 00:59:52 GMT" time="0.017" errors="0">
  <testcase name="shouldAnswerWithTrue" time="0.017" classname="com.bank.AppTest"/>
</testsuite> <!-- com.bank.AppTest -->
